<?xml version="1.0" encoding="UTF-8"?>
<!-- Generated by org.testng.reporters.JUnitXMLReporter -->
<testsuite ignored="3" hostname="DESKTOP-P8MFANV" failures="0" tests="1" name="Default test" time="37.652" errors="0" timestamp="2025-03-07T20:25:40 IST">
  <testcase classname="testscripts.Qalegenduserstest" name="deleteAUser" time="13.091"/>
  <testcase classname="testscripts.Qalegenduserstest" name="createAUser" time="0.0">
    <ignored/>
  </testcase> <!-- createAUser -->
  <testcase classname="testscripts.Qalegenduserstest" name="editAUser" time="0.0">
    <ignored/>
  </testcase> <!-- editAUser -->
  <testcase classname="testscripts.Qalegenduserstest" name="addSalesCommissionAgent" time="0.0">
    <ignored/>
  </testcase> <!-- addSalesCommissionAgent -->
</testsuite> <!-- Default test -->
