<?xml version="1.0" encoding="UTF-8"?>
<!-- Generated by org.testng.reporters.JUnitXMLReporter -->
<testsuite ignored="2" hostname="DESKTOP-P8MFANV" failures="1" tests="1" name="Test" time="26.766" errors="0" timestamp="2025-03-11T21:30:59 IST">
  <testcase classname="testscripts.Qalegendroletest" name="TC01" time="2.962">
    <failure type="java.lang.NullPointerException" message="Cannot invoke &amp;quot;org.openqa.selenium.WebDriver.navigate()&amp;quot; because &amp;quot;this.driver&amp;quot; is null">
      <![CDATA[java.lang.NullPointerException: Cannot invoke "org.openqa.selenium.WebDriver.navigate()" because "this.driver" is null
at testscripts.Qalegendroletest.TC01(Qalegendroletest.java:53)
at java.base/java.util.ArrayList.forEach(ArrayList.java:1597)
... Removed 25 stack frames]]>
    </failure>
  </testcase> <!-- TC01 -->
  <testcase classname="testscripts.Qalegendroletest" name="deleteRoleName" time="0.0">
    <ignored/>
  </testcase> <!-- deleteRoleName -->
  <testcase classname="testscripts.Qalegendroletest" name="createRoleName" time="0.0">
    <ignored/>
  </testcase> <!-- createRoleName -->
</testsuite> <!-- Test -->
