<?xml version="1.0" encoding="UTF-8"?>
<testng-results ignored="3" total="4" passed="1" failed="0" skipped="0">
  <reporter-output>
  </reporter-output>
  <suite started-at="2025-03-13T22:14:09 IST" name="Suite" finished-at="2025-03-13T22:14:33 IST" duration-ms="23947">
    <groups>
    </groups>
    <test started-at="2025-03-13T22:14:09 IST" name="Test" finished-at="2025-03-13T22:14:33 IST" duration-ms="23947">
      <class name="testscripts.Qalegenduserstest">
        <test-method is-config="true" signature="browserInitialization(java.lang.String)[pri:0, instance:testscripts.Qalegenduserstest@649bec2e]" started-at="2025-03-13T22:14:09 IST" name="browserInitialization" finished-at="2025-03-13T22:14:18 IST" duration-ms="9415" status="PASS">
          <params>
            <param index="0">
              <value>
                <![CDATA[Chrome]]>
              </value>
            </param>
          </params>
          <reporter-output>
          </reporter-output>
        </test-method> <!-- browserInitialization -->
        <test-method signature="deleteAUser()[pri:0, instance:testscripts.Qalegenduserstest@649bec2e]" started-at="2025-03-13T22:14:18 IST" name="deleteAUser" finished-at="2025-03-13T22:14:32 IST" duration-ms="14151" status="PASS">
          <reporter-output>
          </reporter-output>
        </test-method> <!-- deleteAUser -->
        <test-method is-config="true" signature="afterMethod(org.testng.ITestResult)[pri:0, instance:testscripts.Qalegenduserstest@649bec2e]" started-at="2025-03-13T22:14:32 IST" name="afterMethod" finished-at="2025-03-13T22:14:33 IST" duration-ms="330" status="PASS">
          <params>
            <param index="0">
              <value>
                <![CDATA[[TestResult name=deleteAUser status=SUCCESS method=Qalegenduserstest.deleteAUser()[pri:0, instance:testscripts.Qalegenduserstest@649bec2e] output={null}]]]>
              </value>
            </param>
          </params>
          <reporter-output>
          </reporter-output>
        </test-method> <!-- afterMethod -->
      </class> <!-- testscripts.Qalegenduserstest -->
    </test> <!-- Test -->
  </suite> <!-- Suite -->
</testng-results>
